Remove Pin=C15-1 From Net=AC1
Remove Pin=C15-2 From Net=BOOT1
Remove Pin=C16-1 From Net=AC2
Remove Pin=C16-2 From Net=BOOT2
Remove Pin=C17-1 From Net=AC1
Remove Pin=C17-2 From Net=CLAMP1
Remove Pin=C18-1 From Net=AC2
Remove Pin=C18-2 From Net=CLAMP2
Remove Pin=C19-1 From Net=AC1
Remove Pin=C19-2 From Net=COMM1
Remove Pin=C20-1 From Net=AC2
Remove Pin=C20-2 From Net=COMM2
Remove Pin=J1-A5 From Net=CC1
Remove Pin=J1-A6 From Net=D+
Remove Pin=J1-A7 From Net=D-
Remove Pin=J1-B5 From Net=CC2
Remove Pin=J1-B6 From Net=D+
Remove Pin=J1-B7 From Net=D-
Remove Pin=P1-3 From Net=SDA
Remove Pin=P1-4 From Net=SCL
Remove Pin=R1-1 From Net=AD-EN
Remove Pin=R1-2 From Net=SOURCE
Remove Pin=R1-3 From Net=AD-EN
Remove Pin=R1-5 From Net=SOURCE
Remove Pin=R2-2 From Net=CC1
Remove Pin=R3-2 From Net=CC2
Remove Pin=R12-2 From Net=TX
Remove Pin=R13-2 From Net=RX
Remove Pin=R14-2 From Net=WIFI_LED
Remove Pin=R16-1 From Net=RESET
Remove Pin=R17-1 From Net=EN
Remove Pin=R18-1 From Net=GPIO0
Remove Pin=R19-1 From Net=GPIO2
Remove Pin=U1-1 From Net=D+
Remove Pin=U1-2 From Net=D-
Remove Pin=U2-2 From Net=AC1
Remove Pin=U2-3 From Net=BOOT1
Remove Pin=U2-4 From Net=OUT
Remove Pin=U2-5 From Net=CLAMP1
Remove Pin=U2-6 From Net=COMM1
Remove Pin=U2-8 From Net=AD-EN
Remove Pin=U2-12 From Net=ILIM
Remove Pin=U2-13 From Net=TS
Remove Pin=U2-14 From Net=FOD
Remove Pin=U2-15 From Net=COMM2
Remove Pin=U2-16 From Net=CLAMP2
Remove Pin=U2-17 From Net=BOOT2
Remove Pin=U2-18 From Net=RECT
Remove Pin=U2-19 From Net=AC2
Remove Pin=U3-1 From Net=RESET
Remove Pin=U3-3 From Net=EN
Remove Pin=U3-7 From Net=WIFI_LED
Remove Pin=U3-17 From Net=GPIO2
Remove Pin=U3-18 From Net=GPIO0
Remove Pin=U3-19 From Net=SDA
Remove Pin=U3-20 From Net=SCL
Remove Pin=U3-21 From Net=RX
Remove Pin=U3-22 From Net=TX
Remove Pin=U4-1 From Net=D+
Remove Pin=U4-2 From Net=D-
