Added Component: Designator=C1(CAP0603)
Add component. Clean all parameters for all variants
Added Component: Designator=C2(CAP0603)
Add component. Clean all parameters for all variants
Added Component: Designator=C3(CAP0603)
Add component. Clean all parameters for all variants
Added Component: Designator=C4(CAP0603)
Add component. Clean all parameters for all variants
Added Component: Designator=C5(CAP0603)
Add component. Clean all parameters for all variants
Added Component: Designator=C6(CAP0603)
Add component. Clean all parameters for all variants
Added Component: Designator=C7(CAP0603)
Add component. Clean all parameters for all variants
Added Component: Designator=C8(CAP0603)
Add component. Clean all parameters for all variants
Added Component: Designator=C9(CAP0603)
Add component. Clean all parameters for all variants
Added Component: Designator=C10(CAP0603)
Add component. Clean all parameters for all variants
Added Component: Designator=C11(CAP0603)
Add component. Clean all parameters for all variants
Added Component: Designator=C12(CAP0603)
Add component. Clean all parameters for all variants
Added Component: Designator=C13(CAP0603)
Add component. Clean all parameters for all variants
Added Component: Designator=C14(CAP0603)
Add component. Clean all parameters for all variants
Added Component: Designator=C15(CAP0603)
Add component. Clean all parameters for all variants
Added Component: Designator=C16(CAP0603)
Add component. Clean all parameters for all variants
Added Component: Designator=C17(CAP0603)
Add component. Clean all parameters for all variants
Added Component: Designator=C18(CAP0603)
Add component. Clean all parameters for all variants
Added Component: Designator=C19(CAP0603)
Add component. Clean all parameters for all variants
Added Component: Designator=C20(CAP0603)
Add component. Clean all parameters for all variants
Added Component: Designator=C21(CAPPC3528X210N)
Add component. Clean all parameters for all variants
Add component (AddParameter): Name = "Availability"; Value = "Unavailable"; VariantName = "[No Variations]"
Add component (AddParameter): Name = "MF"; Value = "AVX"; VariantName = "[No Variations]"
Add component (AddParameter): Name = "MP"; Value = "TAJB107K006RNJ"; VariantName = "[No Variations]"
Add component (AddParameter): Name = "Package"; Value = "1210 AVX"; VariantName = "[No Variations]"
Add component (AddParameter): Name = "Price"; Value = "None"; VariantName = "[No Variations]"
Add component (AddParameter): Name = "SnapEDA_Link"; Value = "https://www.snapeda.com/parts/TAJB107K006RNJ/AVX/view-part/381691/?ref=snap"; VariantName = "[No Variations]"
Add component (AddParameter): Name = "Value"; Value = ""; VariantName = "[No Variations]"
Added Component: Designator=C22(CAP0603)
Add component. Clean all parameters for all variants
Added Component: Designator=IC1(SOT230P700X170-4N)
Add component. Clean all parameters for all variants
Add component (AddParameter): Name = "Availability"; Value = "Warning"; VariantName = "[No Variations]"
Add component (AddParameter): Name = "Check_prices"; Value = "https://www.snapeda.com/parts/AZ1117IH-3.3TRG1/Diodes%20Inc./view-part/490259/?ref=eda"; VariantName = "[No Variations]"
Add component (AddParameter): Name = "MF"; Value = "Diodes Inc."; VariantName = "[No Variations]"
Add component (AddParameter): Name = "MP"; Value = "AZ1117IH-3.3TRG1"; VariantName = "[No Variations]"
Add component (AddParameter): Name = "Package"; Value = "SOT-223 Diodes Inc."; VariantName = "[No Variations]"
Add component (AddParameter): Name = "Price"; Value = "None"; VariantName = "[No Variations]"
Add component (AddParameter): Name = "Purchase-URL"; Value = "https://pricing.snapeda.com/search/part/AZ1117IH-3.3TRG1/?ref=eda"; VariantName = "[No Variations]"
Add component (AddParameter): Name = "SnapEDA_Link"; Value = "https://www.snapeda.com/parts/AZ1117IH-3.3TRG1/Diodes%20Inc./view-part/490259/?ref=snap"; VariantName = "[No Variations]"
Add component (AddParameter): Name = "Value"; Value = ""; VariantName = "[No Variations]"
Added Component: Designator=J1(GCT_USB4105-GF-A)
Add component. Clean all parameters for all variants
Add component (AddParameter): Name = "Availability"; Value = "Warning"; VariantName = "[No Variations]"
Add component (AddParameter): Name = "Check_prices"; Value = "https://www.snapeda.com/parts/USB4105-GF-A/Global%20Connector%20Technology/view-part/4423780/?ref=eda"; VariantName = "[No Variations]"
Add component (AddParameter): Name = "MF"; Value = "GCT"; VariantName = "[No Variations]"
Add component (AddParameter): Name = "MP"; Value = "USB4105-GF-A"; VariantName = "[No Variations]"
Add component (AddParameter): Name = "Package"; Value = "None"; VariantName = "[No Variations]"
Add component (AddParameter): Name = "Price"; Value = "None"; VariantName = "[No Variations]"
Add component (AddParameter): Name = "Purchase-URL"; Value = "https://pricing.snapeda.com/search/part/USB4105-GF-A/?ref=eda"; VariantName = "[No Variations]"
Add component (AddParameter): Name = "SnapEDA_Link"; Value = "https://www.snapeda.com/parts/USB4105-GF-A/Global%20Connector%20Technology/view-part/4423780/?ref=snap"; VariantName = "[No Variations]"
Add component (AddParameter): Name = "Value"; Value = ""; VariantName = "[No Variations]"
Added Component: Designator=L1(ece-INDUCTOR1005)
Add component. Clean all parameters for all variants
Add component (AddParameter): Name = "Value"; Value = ""; VariantName = "[No Variations]"
Added Component: Designator=P1(ece-HDR1X6)
Add component. Clean all parameters for all variants
Add component (AddParameter): Name = "LatestRevisionDate"; Value = "17-Jul-2002"; VariantName = "[No Variations]"
Add component (AddParameter): Name = "LatestRevisionNote"; Value = "Re-released for DXP Platform."; VariantName = "[No Variations]"
Add component (AddParameter): Name = "Publisher"; Value = "Altium Limited"; VariantName = "[No Variations]"
Added Component: Designator=R1(TRANS_QS6_ROM)
Add component. Clean all parameters for all variants
Add component (AddParameter): Name = "Built_By"; Value = "EMA_Matt"; VariantName = "[No Variations]"
Add component (AddParameter): Name = "Copyright"; Value = "Copyright (C) 2018 Accelerated Designs. All rights reserved"; VariantName = "[No Variations]"
Add component (AddParameter): Name = "Manufacturer_Part_Number"; Value = "QS6J1TR"; VariantName = "[No Variations]"
Add component (AddParameter): Name = "RefDes"; Value = "RefDes"; VariantName = "[No Variations]"
Add component (AddParameter): Name = "SourceLibrary"; Value = "Rohm_2019-09-23"; VariantName = "[No Variations]"
Add component (AddParameter): Name = "Type"; Value = "DEV"; VariantName = "[No Variations]"
Add component (AddParameter): Name = "Vendor"; Value = "ROHM Semiconductor"; VariantName = "[No Variations]"
Added Component: Designator=R2(RES0603)
Add component. Clean all parameters for all variants
Added Component: Designator=R3(RES0603)
Add component. Clean all parameters for all variants
Added Component: Designator=R4(RES0603)
Add component. Clean all parameters for all variants
Added Component: Designator=R5(RES0603)
Add component. Clean all parameters for all variants
Added Component: Designator=R6(RES0603)
Add component. Clean all parameters for all variants
Added Component: Designator=R7(RES0603)
Add component. Clean all parameters for all variants
Added Component: Designator=R8(RES0603)
Add component. Clean all parameters for all variants
Added Component: Designator=R9(RES0603)
Add component. Clean all parameters for all variants
Added Component: Designator=R10(RES0603)
Add component. Clean all parameters for all variants
Added Component: Designator=R11(RES0603)
Add component. Clean all parameters for all variants
Added Component: Designator=R12(RES0603)
Add component. Clean all parameters for all variants
Added Component: Designator=R13(RES0603)
Add component. Clean all parameters for all variants
Added Component: Designator=R14(RES0603)
Add component. Clean all parameters for all variants
Added Component: Designator=R15(RES0603)
Add component. Clean all parameters for all variants
Added Component: Designator=R16(RES0603)
Add component. Clean all parameters for all variants
Added Component: Designator=R17(RES0603)
Add component. Clean all parameters for all variants
Added Component: Designator=R18(RES0603)
Add component. Clean all parameters for all variants
Added Component: Designator=R19(RES0603)
Add component. Clean all parameters for all variants
Added Component: Designator=U1(SOT50P160X60-5N)
Add component. Clean all parameters for all variants
Add component (AddParameter): Name = "Check_prices"; Value = "https://www.snapeda.com/parts/TPD3E001DRLR/Texas%20Instruments/view-part/382422/?ref=eda"; VariantName = "[No Variations]"
Add component (AddParameter): Name = "Digi-Key_Part_Number"; Value = "296-21885-1-ND"; VariantName = "[No Variations]"
Add component (AddParameter): Name = "MF"; Value = "Texas Instruments"; VariantName = "[No Variations]"
Add component (AddParameter): Name = "MP"; Value = "TPD3E001DRLR"; VariantName = "[No Variations]"
Add component (AddParameter): Name = "Package"; Value = "SOT-5X3-5 Texas Instruments"; VariantName = "[No Variations]"
Add component (AddParameter): Name = "Purchase-URL"; Value = "https://pricing.snapeda.com/search/part/TPD3E001DRLR/?ref=eda"; VariantName = "[No Variations]"
Add component (AddParameter): Name = "SnapEDA_Link"; Value = "https://www.snapeda.com/parts/TPD3E001DRLR/Texas%20Instruments/view-part/382422/?ref=snap"; VariantName = "[No Variations]"
Add component (AddParameter): Name = "Value"; Value = ""; VariantName = "[No Variations]"
Added Component: Designator=U2(IC_MSP430FR2522IRHLR)
Add component. Clean all parameters for all variants
Add component (AddParameter): Name = "Digi-Key_Part_Number"; Value = "296-35638-1-ND"; VariantName = "[No Variations]"
Add component (AddParameter): Name = "DigiKey-Purchase-URL"; Value = "https://snapeda.com/shop?store=DigiKey&id=46178"; VariantName = "[No Variations]"
Add component (AddParameter): Name = "MF"; Value = "Texas Instruments"; VariantName = "[No Variations]"
Add component (AddParameter): Name = "Mouser-Purchase-URL"; Value = "https://snapeda.com/shop?store=Mouser&id=46178"; VariantName = "[No Variations]"
Add component (AddParameter): Name = "MP"; Value = "BQ51013BRHLT"; VariantName = "[No Variations]"
Add component (AddParameter): Name = "Package"; Value = "VQFN-20 Texas Instruments"; VariantName = "[No Variations]"
Add component (AddParameter): Name = "SnapEDA_Link"; Value = "https://www.snapeda.com/parts/BQ51013BRHLT/Texas%20Instruments/view-part/46178/?ref=snap"; VariantName = "[No Variations]"
Add component (AddParameter): Name = "Texas_Instruments-Purchase-URL"; Value = "https://snapeda.com/shop?store=Texas+Instruments&id=46178"; VariantName = "[No Variations]"
Add component (AddParameter): Name = "Value"; Value = ""; VariantName = "[No Variations]"
Added Component: Designator=U3(XCVR_ESP8266-12E/ESP-12E)
Add component. Clean all parameters for all variants
Add component (AddParameter): Name = "Availability"; Value = "Unavailable"; VariantName = "[No Variations]"
Add component (AddParameter): Name = "MF"; Value = "AI-Thinker"; VariantName = "[No Variations]"
Add component (AddParameter): Name = "MP"; Value = "ESP8266-12E/ESP-12E"; VariantName = "[No Variations]"
Add component (AddParameter): Name = "Package"; Value = "None"; VariantName = "[No Variations]"
Add component (AddParameter): Name = "Price"; Value = "None"; VariantName = "[No Variations]"
Add component (AddParameter): Name = "SnapEDA_Link"; Value = "https://www.snapeda.com/parts/ESP8266-12E/ESP-12E/AI-Thinker/view-part/106414/?ref=snap"; VariantName = "[No Variations]"
Add component (AddParameter): Name = "Value"; Value = ""; VariantName = "[No Variations]"
Added Component: Designator=U4(MSOP10)
Add component. Clean all parameters for all variants
Add component (AddParameter): Name = "Availability"; Value = "Unavailable"; VariantName = "[No Variations]"
Add component (AddParameter): Name = "MF"; Value = "WCH"; VariantName = "[No Variations]"
Add component (AddParameter): Name = "MP"; Value = "CH340E"; VariantName = "[No Variations]"
Add component (AddParameter): Name = "Package"; Value = "Package Analog Devices"; VariantName = "[No Variations]"
Add component (AddParameter): Name = "Price"; Value = "None"; VariantName = "[No Variations]"
Add component (AddParameter): Name = "SnapEDA_Link"; Value = "https://www.snapeda.com/parts/CH340E/WCH/view-part/3625184/?ref=snap"; VariantName = "[No Variations]"
Add component (AddParameter): Name = "Value"; Value = ""; VariantName = "[No Variations]"
Added Pin To Net: NetName=3.3V Pin=C1-1
Added Pin To Net: NetName=3.3V Pin=C21-1
Added Pin To Net: NetName=3.3V Pin=IC1-2
Added Pin To Net: NetName=3.3V Pin=P1-2
Added Pin To Net: NetName=3.3V Pin=R16-2
Added Pin To Net: NetName=3.3V Pin=R17-2
Added Pin To Net: NetName=3.3V Pin=R18-2
Added Pin To Net: NetName=3.3V Pin=R19-2
Added Pin To Net: NetName=3.3V Pin=U3-8
Added Net: Name=3.3V
Added Pin To Net: NetName=5V_USB Pin=C2-1
Added Pin To Net: NetName=5V_USB Pin=C6-1
Added Pin To Net: NetName=5V_USB Pin=J1-A4_B9
Added Pin To Net: NetName=5V_USB Pin=J1-B4_A9
Added Pin To Net: NetName=5V_USB Pin=R1-6
Added Pin To Net: NetName=5V_USB Pin=U1-5
Added Pin To Net: NetName=5V_USB Pin=U2-9
Added Net: Name=5V_USB
Added Pin To Net: NetName=AC1 Pin=C4-2
Added Pin To Net: NetName=AC1 Pin=C5-2
Added Pin To Net: NetName=AC1 Pin=C9-2
Added Pin To Net: NetName=AC1 Pin=C10-1
Added Pin To Net: NetName=AC1 Pin=C11-1
Added Pin To Net: NetName=AC1 Pin=C15-1
Added Pin To Net: NetName=AC1 Pin=C17-1
Added Pin To Net: NetName=AC1 Pin=C19-1
Added Pin To Net: NetName=AC1 Pin=U2-2
Added Net: Name=AC1
Added Pin To Net: NetName=AC2 Pin=C10-2
Added Pin To Net: NetName=AC2 Pin=C11-2
Added Pin To Net: NetName=AC2 Pin=C16-1
Added Pin To Net: NetName=AC2 Pin=C18-1
Added Pin To Net: NetName=AC2 Pin=C20-1
Added Pin To Net: NetName=AC2 Pin=L1-1
Added Pin To Net: NetName=AC2 Pin=U2-19
Added Net: Name=AC2
Added Pin To Net: NetName=AD-EN Pin=R1-1
Added Pin To Net: NetName=AD-EN Pin=R1-3
Added Pin To Net: NetName=AD-EN Pin=U2-8
Added Net: Name=AD-EN
Added Pin To Net: NetName=BOOT1 Pin=C15-2
Added Pin To Net: NetName=BOOT1 Pin=U2-3
Added Net: Name=BOOT1
Added Pin To Net: NetName=BOOT2 Pin=C16-2
Added Pin To Net: NetName=BOOT2 Pin=U2-17
Added Net: Name=BOOT2
Added Pin To Net: NetName=CC1 Pin=J1-A5
Added Pin To Net: NetName=CC1 Pin=R2-2
Added Net: Name=CC1
Added Pin To Net: NetName=CC2 Pin=J1-B5
Added Pin To Net: NetName=CC2 Pin=R3-2
Added Net: Name=CC2
Added Pin To Net: NetName=CLAMP1 Pin=C17-2
Added Pin To Net: NetName=CLAMP1 Pin=U2-5
Added Net: Name=CLAMP1
Added Pin To Net: NetName=CLAMP2 Pin=C18-2
Added Pin To Net: NetName=CLAMP2 Pin=U2-16
Added Net: Name=CLAMP2
Added Pin To Net: NetName=COMM1 Pin=C19-2
Added Pin To Net: NetName=COMM1 Pin=U2-6
Added Net: Name=COMM1
Added Pin To Net: NetName=COMM2 Pin=C20-2
Added Pin To Net: NetName=COMM2 Pin=U2-15
Added Net: Name=COMM2
Added Pin To Net: NetName=D+ Pin=J1-A6
Added Pin To Net: NetName=D+ Pin=J1-B6
Added Pin To Net: NetName=D+ Pin=U1-1
Added Pin To Net: NetName=D+ Pin=U4-1
Added Net: Name=D+
Added Pin To Net: NetName=D- Pin=J1-A7
Added Pin To Net: NetName=D- Pin=J1-B7
Added Pin To Net: NetName=D- Pin=U1-2
Added Pin To Net: NetName=D- Pin=U4-2
Added Net: Name=D-
Added Pin To Net: NetName=EN Pin=R17-1
Added Pin To Net: NetName=EN Pin=U3-3
Added Net: Name=EN
Added Pin To Net: NetName=FOD Pin=R4-1
Added Pin To Net: NetName=FOD Pin=R5-1
Added Pin To Net: NetName=FOD Pin=R7-1
Added Pin To Net: NetName=FOD Pin=R10-2
Added Pin To Net: NetName=FOD Pin=R11-2
Added Pin To Net: NetName=FOD Pin=U2-14
Added Net: Name=FOD
Added Pin To Net: NetName=GND Pin=C1-2
Added Pin To Net: NetName=GND Pin=C2-2
Added Pin To Net: NetName=GND Pin=C3-2
Added Pin To Net: NetName=GND Pin=C6-2
Added Pin To Net: NetName=GND Pin=C7-2
Added Pin To Net: NetName=GND Pin=C8-2
Added Pin To Net: NetName=GND Pin=C12-2
Added Pin To Net: NetName=GND Pin=C13-2
Added Pin To Net: NetName=GND Pin=C14-2
Added Pin To Net: NetName=GND Pin=C21-2
Added Pin To Net: NetName=GND Pin=C22-2
Added Pin To Net: NetName=GND Pin=IC1-1
Added Pin To Net: NetName=GND Pin=J1-A1_B12
Added Pin To Net: NetName=GND Pin=J1-B1_A12
Added Pin To Net: NetName=GND Pin=J1-S1
Added Pin To Net: NetName=GND Pin=J1-S2
Added Pin To Net: NetName=GND Pin=J1-S3
Added Pin To Net: NetName=GND Pin=J1-S4
Added Pin To Net: NetName=GND Pin=P1-1
Added Pin To Net: NetName=GND Pin=R2-1
Added Pin To Net: NetName=GND Pin=R3-1
Added Pin To Net: NetName=GND Pin=R9-1
Added Pin To Net: NetName=GND Pin=R10-1
Added Pin To Net: NetName=GND Pin=R11-1
Added Pin To Net: NetName=GND Pin=R15-1
Added Pin To Net: NetName=GND Pin=U1-3
Added Pin To Net: NetName=GND Pin=U2-1
Added Pin To Net: NetName=GND Pin=U2-20
Added Pin To Net: NetName=GND Pin=U2-21
Added Pin To Net: NetName=GND Pin=U2-22
Added Pin To Net: NetName=GND Pin=U2-23
Added Pin To Net: NetName=GND Pin=U2-24
Added Pin To Net: NetName=GND Pin=U2-25
Added Pin To Net: NetName=GND Pin=U2-26
Added Pin To Net: NetName=GND Pin=U2-27
Added Pin To Net: NetName=GND Pin=U2-28
Added Pin To Net: NetName=GND Pin=U2-29
Added Pin To Net: NetName=GND Pin=U3-15
Added Pin To Net: NetName=GND Pin=U4-3
Added Net: Name=GND
Added Pin To Net: NetName=GPIO0 Pin=R18-1
Added Pin To Net: NetName=GPIO0 Pin=U3-18
Added Net: Name=GPIO0
Added Pin To Net: NetName=GPIO2 Pin=R19-1
Added Pin To Net: NetName=GPIO2 Pin=U3-17
Added Net: Name=GPIO2
Added Pin To Net: NetName=ILIM Pin=R4-2
Added Pin To Net: NetName=ILIM Pin=R5-2
Added Pin To Net: NetName=ILIM Pin=U2-12
Added Net: Name=ILIM
Added Pin To Net: NetName=NetC4_1 Pin=C4-1
Added Pin To Net: NetName=NetC4_1 Pin=C5-1
Added Pin To Net: NetName=NetC4_1 Pin=C9-1
Added Pin To Net: NetName=NetC4_1 Pin=L1-2
Added Net: Name=NetC4_1
Added Pin To Net: NetName=NetC22_1 Pin=C22-1
Added Pin To Net: NetName=NetC22_1 Pin=U4-10
Added Net: Name=NetC22_1
Added Pin To Net: NetName=NetLED1_2 Pin=R6-2
Added Net: Name=NetLED1_2
Added Pin To Net: NetName=NetLED2_2 Pin=R14-1
Added Net: Name=NetLED2_2
Added Pin To Net: NetName=NetR7_2 Pin=R7-2
Added Pin To Net: NetName=NetR7_2 Pin=R8-1
Added Net: Name=NetR7_2
Added Pin To Net: NetName=NetR12_1 Pin=R12-1
Added Pin To Net: NetName=NetR12_1 Pin=U4-8
Added Net: Name=NetR12_1
Added Pin To Net: NetName=NetR13_1 Pin=R13-1
Added Pin To Net: NetName=NetR13_1 Pin=U4-9
Added Net: Name=NetR13_1
Added Pin To Net: NetName=NetR15_2 Pin=R15-2
Added Pin To Net: NetName=NetR15_2 Pin=U3-16
Added Net: Name=NetR15_2
Added Pin To Net: NetName=OUT Pin=C3-1
Added Pin To Net: NetName=OUT Pin=C7-1
Added Pin To Net: NetName=OUT Pin=C8-1
Added Pin To Net: NetName=OUT Pin=IC1-3
Added Pin To Net: NetName=OUT Pin=R1-4
Added Pin To Net: NetName=OUT Pin=U2-4
Added Pin To Net: NetName=OUT Pin=U4-7
Added Net: Name=OUT
Added Pin To Net: NetName=RECT Pin=C12-1
Added Pin To Net: NetName=RECT Pin=C13-1
Added Pin To Net: NetName=RECT Pin=C14-1
Added Pin To Net: NetName=RECT Pin=R8-2
Added Pin To Net: NetName=RECT Pin=U2-18
Added Net: Name=RECT
Added Pin To Net: NetName=RESET Pin=R16-1
Added Pin To Net: NetName=RESET Pin=U3-1
Added Net: Name=RESET
Added Pin To Net: NetName=RX Pin=R13-2
Added Pin To Net: NetName=RX Pin=U3-21
Added Net: Name=RX
Added Pin To Net: NetName=SCL Pin=P1-4
Added Pin To Net: NetName=SCL Pin=U3-20
Added Net: Name=SCL
Added Pin To Net: NetName=SDA Pin=P1-3
Added Pin To Net: NetName=SDA Pin=U3-19
Added Net: Name=SDA
Added Pin To Net: NetName=SOURCE Pin=R1-2
Added Pin To Net: NetName=SOURCE Pin=R1-5
Added Net: Name=SOURCE
Added Pin To Net: NetName=TS Pin=R6-1
Added Pin To Net: NetName=TS Pin=R9-2
Added Pin To Net: NetName=TS Pin=U2-13
Added Net: Name=TS
Added Pin To Net: NetName=TX Pin=R12-2
Added Pin To Net: NetName=TX Pin=U3-22
Added Net: Name=TX
Added Pin To Net: NetName=WIFI_LED Pin=R14-2
Added Pin To Net: NetName=WIFI_LED Pin=U3-7
Added Net: Name=WIFI_LED
Added Class: Name=schematic
Added Room: Name=schematic
